# JRE version: Java(TM) SE Runtime Environment (8.0_112-b15) (build 1.8.0_112-b15)
# Java VM: Java HotSpot(TM) 64-Bit Server VM (25.112-b15 mixed mode linux-amd64 compressed oops)
Heap:
 PSYoungGen      total 135168K, used 94161K [0x000000076ab00000, 0x0000000774880000, 0x00000007c0000000)
  eden space 118272K, 79% used [0x000000076ab00000,0x00000007706f4628,0x0000000771e80000)
  from space 16896K, 0% used [0x0000000772400000,0x0000000772400000,0x0000000773480000)
  to   space 20480K, 0% used [0x0000000773480000,0x0000000773480000,0x0000000774880000)
 ParOldGen       total 86528K, used 34893K [0x00000006c0000000, 0x00000006c5480000, 0x000000076ab00000)
  object space 86528K, 40% used [0x00000006c0000000,0x00000006c22134c8,0x00000006c5480000)
 Metaspace       used 61616K, capacity 68156K, committed 68312K, reserved 1107968K
  class space    used 7594K, capacity 9658K, committed 9688K, reserved 1048576K
GC Heap History (10 events):
Event: 214.507 GC heap before
{Heap before GC invocations=6 (full 1):
 PSYoungGen      total 67584K, used 22021K [0x000000076ab00000, 0x000000076f000000, 0x00000007c0000000)
  eden space 65024K, 29% used [0x000000076ab00000,0x000000076be05478,0x000000076ea80000)
  from space 2560K, 99% used [0x000000076ed80000,0x000000076effc010,0x000000076f000000)
  to   space 2560K, 0% used [0x000000076eb00000,0x000000076eb00000,0x000000076ed80000)
 ParOldGen       total 44032K, used 24346K [0x00000006c0000000, 0x00000006c2b00000, 0x000000076ab00000)
  object space 44032K, 55% used [0x00000006c0000000,0x00000006c17c6968,0x00000006c2b00000)
 Metaspace       used 32770K, capacity 35284K, committed 35416K, reserved 1079296K
  class space    used 3838K, capacity 4626K, committed 4696K, reserved 1048576K
Event: 214.515 GC heap after
Heap after GC invocations=6 (full 1):
 PSYoungGen      total 68096K, used 2528K [0x000000076ab00000, 0x0000000774500000, 0x00000007c0000000)
  eden space 65536K, 0% used [0x000000076ab00000,0x000000076ab00000,0x000000076eb00000)
  from space 2560K, 98% used [0x000000076eb00000,0x000000076ed78030,0x000000076ed80000)
  to   space 14336K, 0% used [0x0000000773700000,0x0000000773700000,0x0000000774500000)
 ParOldGen       total 44032K, used 28131K [0x00000006c0000000, 0x00000006c2b00000, 0x000000076ab00000)
  object space 44032K, 63% used [0x00000006c0000000,0x00000006c1b78e48,0x00000006c2b00000)
 Metaspace       used 32770K, capacity 35284K, committed 35416K, reserved 1079296K
  class space    used 3838K, capacity 4626K, committed 4696K, reserved 1048576K
}
Event: 214.515 GC heap before
{Heap before GC invocations=7 (full 2):
 PSYoungGen      total 68096K, used 2528K [0x000000076ab00000, 0x0000000774500000, 0x00000007c0000000)
  eden space 65536K, 0% used [0x000000076ab00000,0x000000076ab00000,0x000000076eb00000)
  from space 2560K, 98% used [0x000000076eb00000,0x000000076ed78030,0x000000076ed80000)
  to   space 14336K, 0% used [0x0000000773700000,0x0000000773700000,0x0000000774500000)
 ParOldGen       total 44032K, used 28131K [0x00000006c0000000, 0x00000006c2b00000, 0x000000076ab00000)
  object space 44032K, 63% used [0x00000006c0000000,0x00000006c1b78e48,0x00000006c2b00000)
 Metaspace       used 32770K, capacity 35284K, committed 35416K, reserved 1079296K
  class space    used 3838K, capacity 4626K, committed 4696K, reserved 1048576K
Event: 214.587 GC heap after
Heap after GC invocations=7 (full 2):
 PSYoungGen      total 68096K, used 0K [0x000000076ab00000, 0x0000000774500000, 0x00000007c0000000)
  eden space 65536K, 0% used [0x000000076ab00000,0x000000076ab00000,0x000000076eb00000)
  from space 2560K, 0% used [0x000000076eb00000,0x000000076eb00000,0x000000076ed80000)
  to   space 14336K, 0% used [0x0000000773700000,0x0000000773700000,0x0000000774500000)
 ParOldGen       total 64512K, used 24771K [0x00000006c0000000, 0x00000006c3f00000, 0x000000076ab00000)
  object space 64512K, 38% used [0x00000006c0000000,0x00000006c1830c58,0x00000006c3f00000)
 Metaspace       used 32770K, capacity 35284K, committed 35416K, reserved 1079296K
  class space    used 3838K, capacity 4626K, committed 4696K, reserved 1048576K
}
Event: 217.303 GC heap before
{Heap before GC invocations=8 (full 2):
 PSYoungGen      total 68096K, used 65536K [0x000000076ab00000, 0x0000000774500000, 0x00000007c0000000)
  eden space 65536K, 100% used [0x000000076ab00000,0x000000076eb00000,0x000000076eb00000)
  from space 2560K, 0% used [0x000000076eb00000,0x000000076eb00000,0x000000076ed80000)
  to   space 14336K, 0% used [0x0000000773700000,0x0000000773700000,0x0000000774500000)
 ParOldGen       total 64512K, used 24771K [0x00000006c0000000, 0x00000006c3f00000, 0x000000076ab00000)
  object space 64512K, 38% used [0x00000006c0000000,0x00000006c1830c58,0x00000006c3f00000)
 Metaspace       used 41891K, capacity 45862K, committed 46168K, reserved 1089536K
  class space    used 5071K, capacity 6417K, committed 6488K, reserved 1048576K
Event: 217.315 GC heap after
Heap after GC invocations=8 (full 2):
 PSYoungGen      total 101376K, used 14266K [0x000000076ab00000, 0x0000000774500000, 0x00000007c0000000)
  eden space 87040K, 0% used [0x000000076ab00000,0x000000076ab00000,0x0000000770000000)
  from space 14336K, 99% used [0x0000000773700000,0x00000007744ee910,0x0000000774500000)
  to   space 16896K, 0% used [0x0000000772400000,0x0000000772400000,0x0000000773480000)
 ParOldGen       total 64512K, used 24779K [0x00000006c0000000, 0x00000006c3f00000, 0x000000076ab00000)
  object space 64512K, 38% used [0x00000006c0000000,0x00000006c1832c58,0x00000006c3f00000)
 Metaspace       used 41891K, capacity 45862K, committed 46168K, reserved 1089536K
  class space    used 5071K, capacity 6417K, committed 6488K, reserved 1048576K
}
Event: 219.101 GC heap before
{Heap before GC invocations=9 (full 2):
 PSYoungGen      total 101376K, used 72296K [0x000000076ab00000, 0x0000000774500000, 0x00000007c0000000)
  eden space 87040K, 66% used [0x000000076ab00000,0x000000076e3aba28,0x0000000770000000)
  from space 14336K, 99% used [0x0000000773700000,0x00000007744ee910,0x0000000774500000)
  to   space 16896K, 0% used [0x0000000772400000,0x0000000772400000,0x0000000773480000)
 ParOldGen       total 64512K, used 24779K [0x00000006c0000000, 0x00000006c3f00000, 0x000000076ab00000)
  object space 64512K, 38% used [0x00000006c0000000,0x00000006c1832c58,0x00000006c3f00000)
 Metaspace       used 53119K, capacity 58874K, committed 59028K, reserved 1099776K
  class space    used 6537K, capacity 8301K, committed 8408K, reserved 1048576K
Event: 219.132 GC heap after
Heap after GC invocations=9 (full 2):
 PSYoungGen      total 135168K, used 16879K [0x000000076ab00000, 0x0000000774880000, 0x00000007c0000000)
  eden space 118272K, 0% used [0x000000076ab00000,0x000000076ab00000,0x0000000771e80000)
  from space 16896K, 99% used [0x0000000772400000,0x000000077347be50,0x0000000773480000)
  to   space 20480K, 0% used [0x0000000773480000,0x0000000773480000,0x0000000774880000)
 ParOldGen       total 64512K, used 28679K [0x00000006c0000000, 0x00000006c3f00000, 0x000000076ab00000)
  object space 64512K, 44% used [0x00000006c0000000,0x00000006c1c01e90,0x00000006c3f00000)
 Metaspace       used 53119K, capacity 58874K, committed 59028K, reserved 1099776K
  class space    used 6537K, capacity 8301K, committed 8408K, reserved 1048576K
}
Event: 219.133 GC heap before
{Heap before GC invocations=10 (full 3):
 PSYoungGen      total 135168K, used 16879K [0x000000076ab00000, 0x0000000774880000, 0x00000007c0000000)
  eden space 118272K, 0% used [0x000000076ab00000,0x000000076ab00000,0x0000000771e80000)
  from space 16896K, 99% used [0x0000000772400000,0x000000077347be50,0x0000000773480000)
  to   space 20480K, 0% used [0x0000000773480000,0x0000000773480000,0x0000000774880000)
 ParOldGen       total 64512K, used 28679K [0x00000006c0000000, 0x00000006c3f00000, 0x000000076ab00000)
  object space 64512K, 44% used [0x00000006c0000000,0x00000006c1c01e90,0x00000006c3f00000)
 Metaspace       used 53119K, capacity 58874K, committed 59028K, reserved 1099776K
  class space    used 6537K, capacity 8301K, committed 8408K, reserved 1048576K
Event: 219.469 GC heap after
Heap after GC invocations=10 (full 3):
 PSYoungGen      total 135168K, used 0K [0x000000076ab00000, 0x0000000774880000, 0x00000007c0000000)
  eden space 118272K, 0% used [0x000000076ab00000,0x000000076ab00000,0x0000000771e80000)
  from space 16896K, 0% used [0x0000000772400000,0x0000000772400000,0x0000000773480000)
  to   space 20480K, 0% used [0x0000000773480000,0x0000000773480000,0x0000000774880000)
 ParOldGen       total 86528K, used 34893K [0x00000006c0000000, 0x00000006c5480000, 0x000000076ab00000)
  object space 86528K, 40% used [0x00000006c0000000,0x00000006c22134c8,0x00000006c5480000)
 Metaspace       used 53119K, capacity 58874K, committed 59028K, reserved 1099776K
  class space    used 6537K, capacity 8301K, committed 8408K, reserved 1048576K
}

